<?xml version="1.0" encoding="UTF-8"?>
<testsuite xmlns:xsi="http://www.w3.org/2001/XMLSchema-instance" xsi:noNamespaceSchemaLocation="https://maven.apache.org/surefire/maven-surefire-plugin/xsd/surefire-test-report.xsd" name="org.example.AppTest" time="0.391" tests="1" errors="0" skipped="0" failures="0">
  <properties>
    <property name="exec.mainClass" value="org.example.App"/>
    <property name="java.specification.version" value="17"/>
    <property name="sun.cpu.isalist" value="amd64"/>
    <property name="sun.jnu.encoding" value="Cp1252"/>
    <property name="java.class.path" value="C:\Users\andres.felipe.castro\Documents\java-reactor\target\test-classes;C:\Users\andres.felipe.castro\Documents\java-reactor\target\classes;C:\Users\andres.felipe.castro\.m2\repository\junit\junit\4.11\junit-4.11.jar;C:\Users\andres.felipe.castro\.m2\repository\org\hamcrest\hamcrest-core\1.3\hamcrest-core-1.3.jar;C:\Users\andres.felipe.castro\.m2\repository\org\reactivestreams\reactive-streams-tck\1.0.4\reactive-streams-tck-1.0.4.jar;C:\Users\andres.felipe.castro\.m2\repository\org\testng\testng\7.3.0\testng-7.3.0.jar;C:\Users\andres.felipe.castro\.m2\repository\com\beust\jcommander\1.78\jcommander-1.78.jar;C:\Users\andres.felipe.castro\.m2\repository\org\apache\ant\ant\1.10.3\ant-1.10.3.jar;C:\Users\andres.felipe.castro\.m2\repository\org\apache\ant\ant-launcher\1.10.3\ant-launcher-1.10.3.jar;C:\Users\andres.felipe.castro\.m2\repository\com\google\inject\guice\4.2.2\guice-4.2.2-no_aop.jar;C:\Users\andres.felipe.castro\.m2\repository\javax\inject\javax.inject\1\javax.inject-1.jar;C:\Users\andres.felipe.castro\.m2\repository\aopalliance\aopalliance\1.0\aopalliance-1.0.jar;C:\Users\andres.felipe.castro\.m2\repository\com\google\guava\guava\25.1-android\guava-25.1-android.jar;C:\Users\andres.felipe.castro\.m2\repository\com\google\code\findbugs\jsr305\3.0.2\jsr305-3.0.2.jar;C:\Users\andres.felipe.castro\.m2\repository\org\checkerframework\checker-compat-qual\2.0.0\checker-compat-qual-2.0.0.jar;C:\Users\andres.felipe.castro\.m2\repository\com\google\errorprone\error_prone_annotations\2.1.3\error_prone_annotations-2.1.3.jar;C:\Users\andres.felipe.castro\.m2\repository\com\google\j2objc\j2objc-annotations\1.1\j2objc-annotations-1.1.jar;C:\Users\andres.felipe.castro\.m2\repository\org\codehaus\mojo\animal-sniffer-annotations\1.14\animal-sniffer-annotations-1.14.jar;C:\Users\andres.felipe.castro\.m2\repository\org\yaml\snakeyaml\1.21\snakeyaml-1.21.jar;C:\Users\andres.felipe.castro\.m2\repository\org\reactivestreams\reactive-streams\1.0.4\reactive-streams-1.0.4.jar;C:\Users\andres.felipe.castro\.m2\repository\org\reactivestreams\reactive-streams-examples\1.0.4\reactive-streams-examples-1.0.4.jar;C:\Users\andres.felipe.castro\.m2\repository\org\reactivestreams\reactive-streams-tck-flow\1.0.4\reactive-streams-tck-flow-1.0.4.jar;C:\Users\andres.felipe.castro\.m2\repository\io\reactivex\rxjava2\rxjava\2.2.21\rxjava-2.2.21.jar;"/>
    <property name="java.vm.vendor" value="Amazon.com Inc."/>
    <property name="sun.arch.data.model" value="64"/>
    <property name="user.variant" value=""/>
    <property name="java.vendor.url" value="https://aws.amazon.com/corretto/"/>
    <property name="user.timezone" value="America/Bogota"/>
    <property name="os.name" value="Windows 11"/>
    <property name="java.vm.specification.version" value="17"/>
    <property name="sun.java.launcher" value="SUN_STANDARD"/>
    <property name="user.country" value="US"/>
    <property name="sun.boot.library.path" value="c:\Program Files\Amazon Corretto\jdk17.0.2_8\bin"/>
    <property name="sun.java.command" value="C:\Users\ANDRES~1.CAS\AppData\Local\Temp\surefire5956360702831047774\surefirebooter7031366920258833304.jar C:\Users\andres.felipe.castro\AppData\Local\Temp\surefire5956360702831047774 2022-06-17T12-13-52_719-jvmRun1 surefire13126848663946000822tmp surefire_02044265488060268792tmp"/>
    <property name="jdk.debug" value="release"/>
    <property name="surefire.test.class.path" value="C:\Users\andres.felipe.castro\Documents\java-reactor\target\test-classes;C:\Users\andres.felipe.castro\Documents\java-reactor\target\classes;C:\Users\andres.felipe.castro\.m2\repository\junit\junit\4.11\junit-4.11.jar;C:\Users\andres.felipe.castro\.m2\repository\org\hamcrest\hamcrest-core\1.3\hamcrest-core-1.3.jar;C:\Users\andres.felipe.castro\.m2\repository\org\reactivestreams\reactive-streams-tck\1.0.4\reactive-streams-tck-1.0.4.jar;C:\Users\andres.felipe.castro\.m2\repository\org\testng\testng\7.3.0\testng-7.3.0.jar;C:\Users\andres.felipe.castro\.m2\repository\com\beust\jcommander\1.78\jcommander-1.78.jar;C:\Users\andres.felipe.castro\.m2\repository\org\apache\ant\ant\1.10.3\ant-1.10.3.jar;C:\Users\andres.felipe.castro\.m2\repository\org\apache\ant\ant-launcher\1.10.3\ant-launcher-1.10.3.jar;C:\Users\andres.felipe.castro\.m2\repository\com\google\inject\guice\4.2.2\guice-4.2.2-no_aop.jar;C:\Users\andres.felipe.castro\.m2\repository\javax\inject\javax.inject\1\javax.inject-1.jar;C:\Users\andres.felipe.castro\.m2\repository\aopalliance\aopalliance\1.0\aopalliance-1.0.jar;C:\Users\andres.felipe.castro\.m2\repository\com\google\guava\guava\25.1-android\guava-25.1-android.jar;C:\Users\andres.felipe.castro\.m2\repository\com\google\code\findbugs\jsr305\3.0.2\jsr305-3.0.2.jar;C:\Users\andres.felipe.castro\.m2\repository\org\checkerframework\checker-compat-qual\2.0.0\checker-compat-qual-2.0.0.jar;C:\Users\andres.felipe.castro\.m2\repository\com\google\errorprone\error_prone_annotations\2.1.3\error_prone_annotations-2.1.3.jar;C:\Users\andres.felipe.castro\.m2\repository\com\google\j2objc\j2objc-annotations\1.1\j2objc-annotations-1.1.jar;C:\Users\andres.felipe.castro\.m2\repository\org\codehaus\mojo\animal-sniffer-annotations\1.14\animal-sniffer-annotations-1.14.jar;C:\Users\andres.felipe.castro\.m2\repository\org\yaml\snakeyaml\1.21\snakeyaml-1.21.jar;C:\Users\andres.felipe.castro\.m2\repository\org\reactivestreams\reactive-streams\1.0.4\reactive-streams-1.0.4.jar;C:\Users\andres.felipe.castro\.m2\repository\org\reactivestreams\reactive-streams-examples\1.0.4\reactive-streams-examples-1.0.4.jar;C:\Users\andres.felipe.castro\.m2\repository\org\reactivestreams\reactive-streams-tck-flow\1.0.4\reactive-streams-tck-flow-1.0.4.jar;C:\Users\andres.felipe.castro\.m2\repository\io\reactivex\rxjava2\rxjava\2.2.21\rxjava-2.2.21.jar;"/>
    <property name="sun.cpu.endian" value="little"/>
    <property name="user.home" value="C:\Users\andres.felipe.castro"/>
    <property name="user.language" value="en"/>
    <property name="java.specification.vendor" value="Oracle Corporation"/>
    <property name="java.version.date" value="2022-01-18"/>
    <property name="java.home" value="c:\Program Files\Amazon Corretto\jdk17.0.2_8"/>
    <property name="file.separator" value="\"/>
    <property name="basedir" value="C:\Users\andres.felipe.castro\Documents\java-reactor"/>
    <property name="java.vm.compressedOopsMode" value="Zero based"/>
    <property name="line.separator" value="&#10;"/>
    <property name="java.vm.specification.vendor" value="Oracle Corporation"/>
    <property name="java.specification.name" value="Java Platform API Specification"/>
    <property name="surefire.real.class.path" value="C:\Users\ANDRES~1.CAS\AppData\Local\Temp\surefire5956360702831047774\surefirebooter7031366920258833304.jar"/>
    <property name="user.script" value=""/>
    <property name="sun.management.compiler" value="HotSpot 64-Bit Tiered Compilers"/>
    <property name="java.runtime.version" value="17.0.2+8-LTS"/>
    <property name="user.name" value="andres.felipe.castro"/>
    <property name="path.separator" value=";"/>
    <property name="os.version" value="10.0"/>
    <property name="java.runtime.name" value="OpenJDK Runtime Environment"/>
    <property name="file.encoding" value="Cp1252"/>
    <property name="java.vm.name" value="OpenJDK 64-Bit Server VM"/>
    <property name="java.vendor.version" value="Corretto-17.0.2.8.1"/>
    <property name="localRepository" value="C:\Users\andres.felipe.castro\.m2\repository"/>
    <property name="java.vendor.url.bug" value="https://github.com/corretto/corretto-17/issues/"/>
    <property name="java.io.tmpdir" value="C:\Users\ANDRES~1.CAS\AppData\Local\Temp\"/>
    <property name="idea.version" value="2022.1.2"/>
    <property name="java.version" value="17.0.2"/>
    <property name="user.dir" value="C:\Users\andres.felipe.castro\Documents\java-reactor"/>
    <property name="os.arch" value="amd64"/>
    <property name="java.vm.specification.name" value="Java Virtual Machine Specification"/>
    <property name="sun.os.patch.level" value=""/>
    <property name="native.encoding" value="Cp1252"/>
    <property name="java.library.path" value="c:\Program Files\Amazon Corretto\jdk17.0.2_8\bin;C:\WINDOWS\Sun\Java\bin;C:\WINDOWS\system32;C:\WINDOWS;c:\Program Files\Amazon Corretto\jdk1.8.0_332\bin;C:\Program Files\IBM\MQ\java\lib;C:\Program Files\IBM\MQ\java\lib64;C:\Users\andres.felipe.castro\Downloads\python;c:\Program Files\Amazon Corretto\jdk17.0.2_8\bin;C:\Program Files (x86)\RSA SecurID Token Common;C:\Program Files\RSA SecurID Token Common;C:\WINDOWS\system32;C:\WINDOWS;C:\WINDOWS\System32\Wbem;C:\WINDOWS\System32\WindowsPowerShell\v1.0\;C:\WINDOWS\System32\OpenSSH\;C:\Program Files (x86)\Symantec\VIP Access Client\;C:\Program Files (x86)\Pulse Secure\VC142.CRT\X64\;C:\Program Files (x86)\Pulse Secure\VC142.CRT\X86\;C:\Program Files (x86)\Common Files\Pulse Secure\VC142.CRT\X64\;C:\Program Files (x86)\Common Files\Pulse Secure\VC142.CRT\X86\;C:\Program Files\Java\jdk-17.0.1\bin;C:\Program Files\erl-24.1.7\bin;C:\Program Files\PuTTY\;C:\Program Files\nodejs\;C:\Program Files\IBM\MQ\bin64;C:\Program Files\IBM\MQ\bin;C:\Program Files\IBM\MQ\tools\c\samples\bin64;C:\Program Files\IBM\MQ\tools\c\samples\bin;C:\Users\andres.felipe.castro\AppData\Local\Programs\Microsoft VS Code\bin;C:\Users\andres.felipe.castro\AppData\Local\Microsoft\WindowsApps;C:\Users\andres.felipe.castro\AppData\Roaming\npm;."/>
    <property name="java.vm.info" value="mixed mode, sharing"/>
    <property name="java.vendor" value="Amazon.com Inc."/>
    <property name="java.vm.version" value="17.0.2+8-LTS"/>
    <property name="sun.io.unicode.encoding" value="UnicodeLittle"/>
    <property name="java.class.version" value="61.0"/>
  </properties>
  <testcase name="shouldAnswerWithTrue on shouldAnswerWithTrue(org.example.AppTest)" classname="org.example.AppTest" time="0.002"/>
</testsuite>