<?xml version="1.0" encoding="UTF-8"?>
<testsuite xmlns:xsi="http://www.w3.org/2001/XMLSchema-instance" xsi:noNamespaceSchemaLocation="https://maven.apache.org/surefire/maven-surefire-plugin/xsd/surefire-test-report.xsd" name="org.example.AppTest" time="0.318" tests="1" errors="0" skipped="0" failures="0">
  <properties>
    <property name="exec.mainClass" value="org.example.App"/>
    <property name="java.specification.version" value="17"/>
    <property name="sun.cpu.isalist" value="amd64"/>
    <property name="sun.jnu.encoding" value="Cp1252"/>
    <property name="java.class.path" value="C:\Users\leloq\Developer\java-reactor\target\test-classes;C:\Users\leloq\Developer\java-reactor\target\classes;C:\Users\leloq\.m2\repository\org\reactivestreams\reactive-streams-tck\1.0.4\reactive-streams-tck-1.0.4.jar;C:\Users\leloq\.m2\repository\org\testng\testng\7.3.0\testng-7.3.0.jar;C:\Users\leloq\.m2\repository\com\beust\jcommander\1.78\jcommander-1.78.jar;C:\Users\leloq\.m2\repository\org\apache\ant\ant\1.10.3\ant-1.10.3.jar;C:\Users\leloq\.m2\repository\org\apache\ant\ant-launcher\1.10.3\ant-launcher-1.10.3.jar;C:\Users\leloq\.m2\repository\junit\junit\4.12\junit-4.12.jar;C:\Users\leloq\.m2\repository\org\hamcrest\hamcrest-core\1.3\hamcrest-core-1.3.jar;C:\Users\leloq\.m2\repository\com\google\inject\guice\4.2.2\guice-4.2.2-no_aop.jar;C:\Users\leloq\.m2\repository\javax\inject\javax.inject\1\javax.inject-1.jar;C:\Users\leloq\.m2\repository\aopalliance\aopalliance\1.0\aopalliance-1.0.jar;C:\Users\leloq\.m2\repository\com\google\guava\guava\25.1-android\guava-25.1-android.jar;C:\Users\leloq\.m2\repository\com\google\code\findbugs\jsr305\3.0.2\jsr305-3.0.2.jar;C:\Users\leloq\.m2\repository\org\checkerframework\checker-compat-qual\2.0.0\checker-compat-qual-2.0.0.jar;C:\Users\leloq\.m2\repository\com\google\errorprone\error_prone_annotations\2.1.3\error_prone_annotations-2.1.3.jar;C:\Users\leloq\.m2\repository\com\google\j2objc\j2objc-annotations\1.1\j2objc-annotations-1.1.jar;C:\Users\leloq\.m2\repository\org\codehaus\mojo\animal-sniffer-annotations\1.14\animal-sniffer-annotations-1.14.jar;C:\Users\leloq\.m2\repository\org\yaml\snakeyaml\1.21\snakeyaml-1.21.jar;C:\Users\leloq\.m2\repository\org\reactivestreams\reactive-streams\1.0.4\reactive-streams-1.0.4.jar;C:\Users\leloq\.m2\repository\org\reactivestreams\reactive-streams-examples\1.0.4\reactive-streams-examples-1.0.4.jar;C:\Users\leloq\.m2\repository\org\reactivestreams\reactive-streams-tck-flow\1.0.4\reactive-streams-tck-flow-1.0.4.jar;C:\Users\leloq\.m2\repository\io\reactivex\rxjava2\rxjava\2.2.21\rxjava-2.2.21.jar;C:\Users\leloq\.m2\repository\io\projectreactor\reactor-core\3.4.18\reactor-core-3.4.18.jar;C:\Users\leloq\.m2\repository\com\github\javafaker\javafaker\1.0.2\javafaker-1.0.2.jar;C:\Users\leloq\.m2\repository\org\apache\commons\commons-lang3\3.5\commons-lang3-3.5.jar;C:\Users\leloq\.m2\repository\org\yaml\snakeyaml\1.23\snakeyaml-1.23-android.jar;C:\Users\leloq\.m2\repository\com\github\mifmif\generex\1.0.2\generex-1.0.2.jar;C:\Users\leloq\.m2\repository\dk\brics\automaton\automaton\1.11-8\automaton-1.11-8.jar;C:\Users\leloq\.m2\repository\org\projectlombok\lombok\1.18.24\lombok-1.18.24.jar;C:\Users\leloq\.m2\repository\io\projectreactor\reactor-test\3.4.18\reactor-test-3.4.18.jar;C:\Users\leloq\.m2\repository\org\junit\jupiter\junit-jupiter-engine\5.8.2\junit-jupiter-engine-5.8.2.jar;C:\Users\leloq\.m2\repository\org\junit\platform\junit-platform-engine\1.8.2\junit-platform-engine-1.8.2.jar;C:\Users\leloq\.m2\repository\org\opentest4j\opentest4j\1.2.0\opentest4j-1.2.0.jar;C:\Users\leloq\.m2\repository\org\junit\platform\junit-platform-commons\1.8.2\junit-platform-commons-1.8.2.jar;C:\Users\leloq\.m2\repository\org\junit\jupiter\junit-jupiter-api\5.8.2\junit-jupiter-api-5.8.2.jar;C:\Users\leloq\.m2\repository\org\apiguardian\apiguardian-api\1.1.2\apiguardian-api-1.1.2.jar;"/>
    <property name="java.vm.vendor" value="Amazon.com Inc."/>
    <property name="sun.arch.data.model" value="64"/>
    <property name="user.variant" value=""/>
    <property name="java.vendor.url" value="https://aws.amazon.com/corretto/"/>
    <property name="user.timezone" value="America/Bogota"/>
    <property name="os.name" value="Windows 11"/>
    <property name="java.vm.specification.version" value="17"/>
    <property name="sun.java.launcher" value="SUN_STANDARD"/>
    <property name="user.country" value="US"/>
    <property name="sun.boot.library.path" value="C:\Users\leloq\.jdks\corretto-17.0.3\bin"/>
    <property name="sun.java.command" value="C:\Users\leloq\AppData\Local\Temp\surefire6622588943345556563\surefirebooter12850934930352872361.jar C:\Users\leloq\AppData\Local\Temp\surefire6622588943345556563 2022-07-14T13-08-20_296-jvmRun1 surefire4028257805559513910tmp surefire_011890484371788585417tmp"/>
    <property name="jdk.debug" value="release"/>
    <property name="surefire.test.class.path" value="C:\Users\leloq\Developer\java-reactor\target\test-classes;C:\Users\leloq\Developer\java-reactor\target\classes;C:\Users\leloq\.m2\repository\org\reactivestreams\reactive-streams-tck\1.0.4\reactive-streams-tck-1.0.4.jar;C:\Users\leloq\.m2\repository\org\testng\testng\7.3.0\testng-7.3.0.jar;C:\Users\leloq\.m2\repository\com\beust\jcommander\1.78\jcommander-1.78.jar;C:\Users\leloq\.m2\repository\org\apache\ant\ant\1.10.3\ant-1.10.3.jar;C:\Users\leloq\.m2\repository\org\apache\ant\ant-launcher\1.10.3\ant-launcher-1.10.3.jar;C:\Users\leloq\.m2\repository\junit\junit\4.12\junit-4.12.jar;C:\Users\leloq\.m2\repository\org\hamcrest\hamcrest-core\1.3\hamcrest-core-1.3.jar;C:\Users\leloq\.m2\repository\com\google\inject\guice\4.2.2\guice-4.2.2-no_aop.jar;C:\Users\leloq\.m2\repository\javax\inject\javax.inject\1\javax.inject-1.jar;C:\Users\leloq\.m2\repository\aopalliance\aopalliance\1.0\aopalliance-1.0.jar;C:\Users\leloq\.m2\repository\com\google\guava\guava\25.1-android\guava-25.1-android.jar;C:\Users\leloq\.m2\repository\com\google\code\findbugs\jsr305\3.0.2\jsr305-3.0.2.jar;C:\Users\leloq\.m2\repository\org\checkerframework\checker-compat-qual\2.0.0\checker-compat-qual-2.0.0.jar;C:\Users\leloq\.m2\repository\com\google\errorprone\error_prone_annotations\2.1.3\error_prone_annotations-2.1.3.jar;C:\Users\leloq\.m2\repository\com\google\j2objc\j2objc-annotations\1.1\j2objc-annotations-1.1.jar;C:\Users\leloq\.m2\repository\org\codehaus\mojo\animal-sniffer-annotations\1.14\animal-sniffer-annotations-1.14.jar;C:\Users\leloq\.m2\repository\org\yaml\snakeyaml\1.21\snakeyaml-1.21.jar;C:\Users\leloq\.m2\repository\org\reactivestreams\reactive-streams\1.0.4\reactive-streams-1.0.4.jar;C:\Users\leloq\.m2\repository\org\reactivestreams\reactive-streams-examples\1.0.4\reactive-streams-examples-1.0.4.jar;C:\Users\leloq\.m2\repository\org\reactivestreams\reactive-streams-tck-flow\1.0.4\reactive-streams-tck-flow-1.0.4.jar;C:\Users\leloq\.m2\repository\io\reactivex\rxjava2\rxjava\2.2.21\rxjava-2.2.21.jar;C:\Users\leloq\.m2\repository\io\projectreactor\reactor-core\3.4.18\reactor-core-3.4.18.jar;C:\Users\leloq\.m2\repository\com\github\javafaker\javafaker\1.0.2\javafaker-1.0.2.jar;C:\Users\leloq\.m2\repository\org\apache\commons\commons-lang3\3.5\commons-lang3-3.5.jar;C:\Users\leloq\.m2\repository\org\yaml\snakeyaml\1.23\snakeyaml-1.23-android.jar;C:\Users\leloq\.m2\repository\com\github\mifmif\generex\1.0.2\generex-1.0.2.jar;C:\Users\leloq\.m2\repository\dk\brics\automaton\automaton\1.11-8\automaton-1.11-8.jar;C:\Users\leloq\.m2\repository\org\projectlombok\lombok\1.18.24\lombok-1.18.24.jar;C:\Users\leloq\.m2\repository\io\projectreactor\reactor-test\3.4.18\reactor-test-3.4.18.jar;C:\Users\leloq\.m2\repository\org\junit\jupiter\junit-jupiter-engine\5.8.2\junit-jupiter-engine-5.8.2.jar;C:\Users\leloq\.m2\repository\org\junit\platform\junit-platform-engine\1.8.2\junit-platform-engine-1.8.2.jar;C:\Users\leloq\.m2\repository\org\opentest4j\opentest4j\1.2.0\opentest4j-1.2.0.jar;C:\Users\leloq\.m2\repository\org\junit\platform\junit-platform-commons\1.8.2\junit-platform-commons-1.8.2.jar;C:\Users\leloq\.m2\repository\org\junit\jupiter\junit-jupiter-api\5.8.2\junit-jupiter-api-5.8.2.jar;C:\Users\leloq\.m2\repository\org\apiguardian\apiguardian-api\1.1.2\apiguardian-api-1.1.2.jar;"/>
    <property name="sun.cpu.endian" value="little"/>
    <property name="user.home" value="C:\Users\leloq"/>
    <property name="user.language" value="en"/>
    <property name="java.specification.vendor" value="Oracle Corporation"/>
    <property name="java.version.date" value="2022-04-19"/>
    <property name="java.home" value="C:\Users\leloq\.jdks\corretto-17.0.3"/>
    <property name="file.separator" value="\"/>
    <property name="basedir" value="C:\Users\leloq\Developer\java-reactor"/>
    <property name="java.vm.compressedOopsMode" value="Zero based"/>
    <property name="line.separator" value="&#10;"/>
    <property name="java.vm.specification.vendor" value="Oracle Corporation"/>
    <property name="java.specification.name" value="Java Platform API Specification"/>
    <property name="surefire.real.class.path" value="C:\Users\leloq\AppData\Local\Temp\surefire6622588943345556563\surefirebooter12850934930352872361.jar"/>
    <property name="user.script" value=""/>
    <property name="sun.management.compiler" value="HotSpot 64-Bit Tiered Compilers"/>
    <property name="java.runtime.version" value="17.0.3+6-LTS"/>
    <property name="user.name" value="leloq"/>
    <property name="path.separator" value=";"/>
    <property name="os.version" value="10.0"/>
    <property name="java.runtime.name" value="OpenJDK Runtime Environment"/>
    <property name="file.encoding" value="Cp1252"/>
    <property name="java.vm.name" value="OpenJDK 64-Bit Server VM"/>
    <property name="java.vendor.version" value="Corretto-17.0.3.6.1"/>
    <property name="localRepository" value="C:\Users\leloq\.m2\repository"/>
    <property name="java.vendor.url.bug" value="https://github.com/corretto/corretto-17/issues/"/>
    <property name="java.io.tmpdir" value="C:\Users\leloq\AppData\Local\Temp\"/>
    <property name="idea.version" value="2022.1.3"/>
    <property name="java.version" value="17.0.3"/>
    <property name="user.dir" value="C:\Users\leloq\Developer\java-reactor"/>
    <property name="os.arch" value="amd64"/>
    <property name="java.vm.specification.name" value="Java Virtual Machine Specification"/>
    <property name="sun.os.patch.level" value=""/>
    <property name="native.encoding" value="Cp1252"/>
    <property name="java.library.path" value="C:\Users\leloq\.jdks\corretto-17.0.3\bin;C:\WINDOWS\Sun\Java\bin;C:\WINDOWS\system32;C:\WINDOWS;C:\Program Files\Python310\Scripts\;C:\Program Files\Python310\;C:\Program Files (x86)\Common Files\Intel\Shared Libraries\redist\intel64\compiler;C:\WINDOWS\system32;C:\WINDOWS;C:\WINDOWS\System32\Wbem;C:\WINDOWS\System32\WindowsPowerShell\v1.0\;C:\WINDOWS\System32\OpenSSH\;C:\Program Files (x86)\NVIDIA Corporation\PhysX\Common;C:\Program Files\NVIDIA Corporation\NVIDIA NvDLISR;C:\Program Files\Git\cmd;C:\Program Files\erl-24.3.4.2\bin;C:\Program Files (x86)\Elixir\bin;C:\Users\leloq\.mix\escripts;C:\msys64\mingw64\bin;C:\Program Files\Amazon\AWSCLIV2\;C:\Program Files\Docker\Docker\resources\bin;C:\ProgramData\DockerDesktop\version-bin;C:\Program Files\Calibre2\;C:\Users\leloq\AppData\Local\Microsoft\WindowsApps;;C:\Users\leloq\AppData\Local\Programs\Microsoft VS Code\bin;C:\Program Files\JetBrains\IntelliJ IDEA Community Edition 2022.1.3\bin;;."/>
    <property name="java.vm.info" value="mixed mode, sharing"/>
    <property name="java.vendor" value="Amazon.com Inc."/>
    <property name="java.vm.version" value="17.0.3+6-LTS"/>
    <property name="sun.io.unicode.encoding" value="UnicodeLittle"/>
    <property name="java.class.version" value="61.0"/>
  </properties>
  <testcase name="shouldAnswerWithTrue on shouldAnswerWithTrue(org.example.AppTest)" classname="org.example.AppTest" time="0"/>
</testsuite>