<?xml version="1.0" encoding="UTF-8"?>
<!-- Generated by org.testng.reporters.JUnitReportReporter -->
<testsuite hostname="CPX-F8Q18YDEHPK" failures="0" tests="1" name="org.example.AppTest" time="0.008" errors="0" timestamp="2022-06-17T12:13:53 COT" skipped="0">
  <testcase classname="org.example.AppTest" name="shouldAnswerWithTrue" time="0.008"/>
  <system-out/>
</testsuite> <!-- org.example.AppTest -->
